<?xml version="1.0" encoding="UTF-8"?>
<testng-results skipped="6" failed="0" total="6" passed="0">
  <reporter-output>
  </reporter-output>
  <suite name="NOC" duration-ms="3110" started-at="2023-09-26T11:46:58Z" finished-at="2023-09-26T11:47:01Z">
    <groups>
    </groups>
    <test name="NOCTestCases" duration-ms="3110" started-at="2023-09-26T11:46:58Z" finished-at="2023-09-26T11:47:01Z">
      <class name="WebApp.NOC.testcases.HomePageTestCases">
        <test-method status="FAIL" signature="setUp()[pri:0, instance:WebApp.NOC.testcases.HomePageTestCases@402a079c]" name="setUp" is-config="true" duration-ms="0" started-at="2023-09-26T17:16:58Z" finished-at="2023-09-26T17:16:58Z">
          <exception class="org.openqa.selenium.SessionNotCreatedException">
            <message>
              <![CDATA[session not created: This version of ChromeDriver only supports Chrome version 114
Current browser version is 116.0.5845.188 with binary path C:\Program Files\Google\Chrome\Application\chrome.exe
Build info: version: '3.141.59', revision: 'e82be7d358', time: '2018-11-14T08:17:03'
System info: host: 'EXIPC0189', ip: '172.17.10.201', os.name: 'Windows 10', os.arch: 'amd64', os.version: '10.0', java.version: '1.8.0_331'
Driver info: driver.version: ChromeDriver
remote stacktrace: Backtrace:
	GetHandleVerifier [0x00CAA813+48355]
	(No symbol) [0x00C3C4B1]
	(No symbol) [0x00B45358]
	(No symbol) [0x00B661AC]
	(No symbol) [0x00B61EF3]
	(No symbol) [0x00B60579]
	(No symbol) [0x00B90C55]
	(No symbol) [0x00B9093C]
	(No symbol) [0x00B8A536]
	(No symbol) [0x00B682DC]
	(No symbol) [0x00B693DD]
	GetHandleVerifier [0x00F0AABD+2539405]
	GetHandleVerifier [0x00F4A78F+2800735]
	GetHandleVerifier [0x00F4456C+2775612]
	GetHandleVerifier [0x00D351E0+616112]
	(No symbol) [0x00C45F8C]
	(No symbol) [0x00C42328]
	(No symbol) [0x00C4240B]
	(No symbol) [0x00C34FF7]
	BaseThreadInitThunk [0x7566FA29+25]
	RtlGetAppContainerNamedObjectPath [0x77797A7E+286]
	RtlGetAppContainerNamedObjectPath [0x77797A4E+238]
]]>
            </message>
            <full-stacktrace>
              <![CDATA[org.openqa.selenium.SessionNotCreatedException: session not created: This version of ChromeDriver only supports Chrome version 114
Current browser version is 116.0.5845.188 with binary path C:\Program Files\Google\Chrome\Application\chrome.exe
Build info: version: '3.141.59', revision: 'e82be7d358', time: '2018-11-14T08:17:03'
System info: host: 'EXIPC0189', ip: '172.17.10.201', os.name: 'Windows 10', os.arch: 'amd64', os.version: '10.0', java.version: '1.8.0_331'
Driver info: driver.version: ChromeDriver
remote stacktrace: Backtrace:
	GetHandleVerifier [0x00CAA813+48355]
	(No symbol) [0x00C3C4B1]
	(No symbol) [0x00B45358]
	(No symbol) [0x00B661AC]
	(No symbol) [0x00B61EF3]
	(No symbol) [0x00B60579]
	(No symbol) [0x00B90C55]
	(No symbol) [0x00B9093C]
	(No symbol) [0x00B8A536]
	(No symbol) [0x00B682DC]
	(No symbol) [0x00B693DD]
	GetHandleVerifier [0x00F0AABD+2539405]
	GetHandleVerifier [0x00F4A78F+2800735]
	GetHandleVerifier [0x00F4456C+2775612]
	GetHandleVerifier [0x00D351E0+616112]
	(No symbol) [0x00C45F8C]
	(No symbol) [0x00C42328]
	(No symbol) [0x00C4240B]
	(No symbol) [0x00C34FF7]
	BaseThreadInitThunk [0x7566FA29+25]
	RtlGetAppContainerNamedObjectPath [0x77797A7E+286]
	RtlGetAppContainerNamedObjectPath [0x77797A4E+238]

	at sun.reflect.NativeConstructorAccessorImpl.newInstance0(Native Method)
	at sun.reflect.NativeConstructorAccessorImpl.newInstance(Unknown Source)
	at sun.reflect.DelegatingConstructorAccessorImpl.newInstance(Unknown Source)
	at java.lang.reflect.Constructor.newInstance(Unknown Source)
	at org.openqa.selenium.remote.W3CHandshakeResponse.lambda$errorHandler$0(W3CHandshakeResponse.java:62)
	at org.openqa.selenium.remote.HandshakeResponse.lambda$getResponseFunction$0(HandshakeResponse.java:30)
	at org.openqa.selenium.remote.ProtocolHandshake.lambda$createSession$0(ProtocolHandshake.java:126)
	at java.util.stream.ReferencePipeline$3$1.accept(Unknown Source)
	at java.util.Spliterators$ArraySpliterator.tryAdvance(Unknown Source)
	at java.util.stream.ReferencePipeline.forEachWithCancel(Unknown Source)
	at java.util.stream.AbstractPipeline.copyIntoWithCancel(Unknown Source)
	at java.util.stream.AbstractPipeline.copyInto(Unknown Source)
	at java.util.stream.AbstractPipeline.wrapAndCopyInto(Unknown Source)
	at java.util.stream.FindOps$FindOp.evaluateSequential(Unknown Source)
	at java.util.stream.AbstractPipeline.evaluate(Unknown Source)
	at java.util.stream.ReferencePipeline.findFirst(Unknown Source)
	at org.openqa.selenium.remote.ProtocolHandshake.createSession(ProtocolHandshake.java:128)
	at org.openqa.selenium.remote.ProtocolHandshake.createSession(ProtocolHandshake.java:74)
	at org.openqa.selenium.remote.HttpCommandExecutor.execute(HttpCommandExecutor.java:136)
	at org.openqa.selenium.remote.service.DriverCommandExecutor.execute(DriverCommandExecutor.java:83)
	at org.openqa.selenium.remote.RemoteWebDriver.execute(RemoteWebDriver.java:552)
	at org.openqa.selenium.remote.RemoteWebDriver.startSession(RemoteWebDriver.java:213)
	at org.openqa.selenium.remote.RemoteWebDriver.<init>(RemoteWebDriver.java:131)
	at org.openqa.selenium.chrome.ChromeDriver.<init>(ChromeDriver.java:181)
	at org.openqa.selenium.chrome.ChromeDriver.<init>(ChromeDriver.java:168)
	at org.openqa.selenium.chrome.ChromeDriver.<init>(ChromeDriver.java:123)
	at WebApp.NOC.BaseClass.WebBase.init(WebBase.java:53)
	at WebApp.NOC.testcases.HomePageTestCases.setUp(HomePageTestCases.java:26)
	at sun.reflect.NativeMethodAccessorImpl.invoke0(Native Method)
	at sun.reflect.NativeMethodAccessorImpl.invoke(Unknown Source)
	at sun.reflect.DelegatingMethodAccessorImpl.invoke(Unknown Source)
	at java.lang.reflect.Method.invoke(Unknown Source)
	at org.testng.internal.MethodInvocationHelper.invokeMethod(MethodInvocationHelper.java:86)
	at org.testng.internal.Invoker.invokeConfigurationMethod(Invoker.java:514)
	at org.testng.internal.Invoker.invokeConfigurations(Invoker.java:215)
	at org.testng.internal.Invoker.invokeMethod(Invoker.java:589)
	at org.testng.internal.Invoker.invokeTestMethod(Invoker.java:820)
	at org.testng.internal.Invoker.invokeTestMethods(Invoker.java:1128)
	at org.testng.internal.TestMethodWorker.invokeTestMethods(TestMethodWorker.java:129)
	at org.testng.internal.TestMethodWorker.run(TestMethodWorker.java:112)
	at java.util.concurrent.ThreadPoolExecutor.runWorker(Unknown Source)
	at java.util.concurrent.ThreadPoolExecutor$Worker.run(Unknown Source)
	at java.lang.Thread.run(Unknown Source)
]]>
            </full-stacktrace>
          </exception> <!-- org.openqa.selenium.SessionNotCreatedException -->
          <reporter-output>
          </reporter-output>
        </test-method> <!-- setUp -->
        <test-method status="SKIP" signature="CreateUrgentAlertsTest()[pri:0, instance:WebApp.NOC.testcases.HomePageTestCases@402a079c]" name="CreateUrgentAlertsTest" duration-ms="2" started-at="2023-09-26T17:17:01Z" finished-at="2023-09-26T17:17:01Z">
          <reporter-output>
          </reporter-output>
        </test-method> <!-- CreateUrgentAlertsTest -->
        <test-method status="SKIP" signature="tearDown()[pri:0, instance:WebApp.NOC.testcases.HomePageTestCases@402a079c]" name="tearDown" is-config="true" duration-ms="0" started-at="2023-09-26T17:17:01Z" finished-at="2023-09-26T17:17:01Z">
          <reporter-output>
          </reporter-output>
        </test-method> <!-- tearDown -->
      </class> <!-- WebApp.NOC.testcases.HomePageTestCases -->
      <class name="WebApp.NOC.testcases.LoginPageTestCases">
        <test-method status="SKIP" signature="setUp()[pri:0, instance:WebApp.NOC.testcases.LoginPageTestCases@6500df86]" name="setUp" is-config="true" duration-ms="0" started-at="2023-09-26T17:17:01Z" finished-at="2023-09-26T17:17:01Z">
          <reporter-output>
          </reporter-output>
        </test-method> <!-- setUp -->
        <test-method status="SKIP" signature="verifyLoginPageTitleTest()[pri:1, instance:WebApp.NOC.testcases.LoginPageTestCases@6500df86]" name="verifyLoginPageTitleTest" duration-ms="1" started-at="2023-09-26T17:17:01Z" finished-at="2023-09-26T17:17:01Z">
          <reporter-output>
          </reporter-output>
        </test-method> <!-- verifyLoginPageTitleTest -->
        <test-method status="SKIP" signature="tearDown()[pri:0, instance:WebApp.NOC.testcases.LoginPageTestCases@6500df86]" name="tearDown" is-config="true" duration-ms="0" started-at="2023-09-26T17:17:01Z" finished-at="2023-09-26T17:17:01Z">
          <reporter-output>
          </reporter-output>
        </test-method> <!-- tearDown -->
        <test-method status="SKIP" signature="validLoginTest()[pri:2, instance:WebApp.NOC.testcases.LoginPageTestCases@6500df86]" name="validLoginTest" duration-ms="3" started-at="2023-09-26T17:17:01Z" finished-at="2023-09-26T17:17:01Z">
          <reporter-output>
          </reporter-output>
        </test-method> <!-- validLoginTest -->
        <test-method status="SKIP" signature="setUp()[pri:0, instance:WebApp.NOC.testcases.LoginPageTestCases@6500df86]" name="setUp" is-config="true" duration-ms="0" started-at="2023-09-26T17:17:01Z" finished-at="2023-09-26T17:17:01Z">
          <reporter-output>
          </reporter-output>
        </test-method> <!-- setUp -->
        <test-method status="SKIP" signature="tearDown()[pri:0, instance:WebApp.NOC.testcases.LoginPageTestCases@6500df86]" name="tearDown" is-config="true" duration-ms="0" started-at="2023-09-26T17:17:01Z" finished-at="2023-09-26T17:17:01Z">
          <reporter-output>
          </reporter-output>
        </test-method> <!-- tearDown -->
        <test-method status="SKIP" signature="setUp()[pri:0, instance:WebApp.NOC.testcases.LoginPageTestCases@6500df86]" name="setUp" is-config="true" duration-ms="0" started-at="2023-09-26T17:17:01Z" finished-at="2023-09-26T17:17:01Z">
          <reporter-output>
          </reporter-output>
        </test-method> <!-- setUp -->
        <test-method status="SKIP" signature="invalidEmailLoginTest()[pri:3, instance:WebApp.NOC.testcases.LoginPageTestCases@6500df86]" name="invalidEmailLoginTest" duration-ms="1" started-at="2023-09-26T17:17:01Z" finished-at="2023-09-26T17:17:01Z">
          <reporter-output>
          </reporter-output>
        </test-method> <!-- invalidEmailLoginTest -->
        <test-method status="SKIP" signature="tearDown()[pri:0, instance:WebApp.NOC.testcases.LoginPageTestCases@6500df86]" name="tearDown" is-config="true" duration-ms="0" started-at="2023-09-26T17:17:01Z" finished-at="2023-09-26T17:17:01Z">
          <reporter-output>
          </reporter-output>
        </test-method> <!-- tearDown -->
        <test-method status="SKIP" signature="invalidPasswordLoginTest()[pri:4, instance:WebApp.NOC.testcases.LoginPageTestCases@6500df86]" name="invalidPasswordLoginTest" duration-ms="1" started-at="2023-09-26T17:17:01Z" finished-at="2023-09-26T17:17:01Z">
          <reporter-output>
          </reporter-output>
        </test-method> <!-- invalidPasswordLoginTest -->
        <test-method status="SKIP" signature="setUp()[pri:0, instance:WebApp.NOC.testcases.LoginPageTestCases@6500df86]" name="setUp" is-config="true" duration-ms="0" started-at="2023-09-26T17:17:01Z" finished-at="2023-09-26T17:17:01Z">
          <reporter-output>
          </reporter-output>
        </test-method> <!-- setUp -->
        <test-method status="SKIP" signature="tearDown()[pri:0, instance:WebApp.NOC.testcases.LoginPageTestCases@6500df86]" name="tearDown" is-config="true" duration-ms="0" started-at="2023-09-26T17:17:01Z" finished-at="2023-09-26T17:17:01Z">
          <reporter-output>
          </reporter-output>
        </test-method> <!-- tearDown -->
        <test-method status="SKIP" signature="setUp()[pri:0, instance:WebApp.NOC.testcases.LoginPageTestCases@6500df86]" name="setUp" is-config="true" duration-ms="0" started-at="2023-09-26T17:17:01Z" finished-at="2023-09-26T17:17:01Z">
          <reporter-output>
          </reporter-output>
        </test-method> <!-- setUp -->
        <test-method status="SKIP" signature="verifyForgotPasswordErrorMsgTest()[pri:5, instance:WebApp.NOC.testcases.LoginPageTestCases@6500df86]" name="verifyForgotPasswordErrorMsgTest" duration-ms="0" started-at="2023-09-26T17:17:01Z" finished-at="2023-09-26T17:17:01Z">
          <reporter-output>
          </reporter-output>
        </test-method> <!-- verifyForgotPasswordErrorMsgTest -->
        <test-method status="SKIP" signature="tearDown()[pri:0, instance:WebApp.NOC.testcases.LoginPageTestCases@6500df86]" name="tearDown" is-config="true" duration-ms="0" started-at="2023-09-26T17:17:01Z" finished-at="2023-09-26T17:17:01Z">
          <reporter-output>
          </reporter-output>
        </test-method> <!-- tearDown -->
      </class> <!-- WebApp.NOC.testcases.LoginPageTestCases -->
    </test> <!-- NOCTestCases -->
  </suite> <!-- NOC -->
</testng-results>
